<?xml version="1.0" encoding="UTF-8"?>
<!-- Generated by org.testng.reporters.JUnitReportReporter -->
<testsuite hostname="Jasmeen" failures="0" tests="1" name="com.nagarro.tests.Test_Login" time="8.518" errors="0" timestamp="2024-11-12T12:43:25 IST" skipped="0">
  <testcase classname="com.nagarro.tests.Test_Login" name="verifyLoginWithStdUser" time="8.518"/>
  <system-out/>
</testsuite> <!-- com.nagarro.tests.Test_Login -->
