<?xml version="1.0" encoding="UTF-8"?>
<!-- Generated by org.testng.reporters.JUnitReportReporter -->
<testsuite hostname="Jasmeen" failures="0" tests="1" name="com.nagarro.tests.practice1" time="0.021" errors="0" timestamp="09 Nov 2024 12:01:21 GMT" skipped="0">
  <testcase classname="com.nagarro.tests.practice1" name="method1" time="0.021"/>
</testsuite> <!-- com.nagarro.tests.practice1 -->
