<?xml version="1.0" encoding="UTF-8"?>
<!-- Generated by org.testng.reporters.JUnitReportReporter -->
<testsuite hostname="Jasmeen" failures="0" tests="1" name="com.nagarro.tests.WebTableTest" time="18.090" errors="0" timestamp="2024-11-13T10:27:02 IST" skipped="0">
  <testcase classname="com.nagarro.tests.WebTableTest" name="fetchValue" time="18.090"/>
  <system-out/>
</testsuite> <!-- com.nagarro.tests.WebTableTest -->
