<?xml version="1.0" encoding="UTF-8"?>
<!-- Generated by org.testng.reporters.JUnitReportReporter -->
<testsuite hostname="Jasmeen" failures="0" tests="1" name="com.nagarro.tests.Test_Alerts" time="6.643" errors="0" timestamp="2024-11-12T16:59:57 IST" skipped="0">
  <testcase classname="com.nagarro.tests.Test_Alerts" name="checkAlerts" time="6.643"/>
  <system-out/>
</testsuite> <!-- com.nagarro.tests.Test_Alerts -->
